<?xml version="1.0" encoding="UTF-8"?>
<!-- Generated by org.testng.reporters.JUnitReportReporter -->
<testsuite hostname="ASDA0112" failures="0" tests="3" name="NewTest" time="3.905" errors="0" timestamp="09 Jul 2018 13:37:22 GMT" skipped="0">
  <testcase classname="NewTest" name="checkLogin1" time="0.700"/>
  <testcase classname="NewTest" name="checkLogin2" time="0.569"/>
  <testcase classname="NewTest" name="LaunchBrowser" time="2.636"/>
</testsuite> <!-- NewTest -->
